# JRE version: OpenJDK Runtime Environment Temurin-21.0.10+7 (21.0.10+7) (build 21.0.10+7-LTS)
# Java VM: OpenJDK 64-Bit Server VM Temurin-21.0.10+7 (21.0.10+7-LTS, mixed mode, sharing, tiered, compressed oops, compressed class ptrs, parallel gc, windows-amd64)
GC Precious Log:
 CardTable entry size: 512
 CPUs: 8 total, 8 available
 Memory: 32448M
 Large Page Support: Disabled
 NUMA Support: Disabled
 Compressed Oops: Enabled (32-bit)
 Alignments: Space 512K, Generation 512K, Heap 2M
 Heap Min Capacity: 100M
 Heap Initial Capacity: 100M
 Heap Max Capacity: 2G
 Pre-touch: Disabled
 Parallel Workers: 8
Heap:
 PSYoungGen      total 2560K, used 649K [0x00000000d5580000, 0x00000000d5a80000, 0x0000000100000000)
  eden space 2048K, 22% used [0x00000000d5580000,0x00000000d55f2648,0x00000000d5780000)
  from space 512K, 37% used [0x00000000d5a00000,0x00000000d5a30000,0x00000000d5a80000)
  to   space 512K, 0% used [0x00000000d5880000,0x00000000d5880000,0x00000000d5900000)
 ParOldGen       total 1251328K, used 1251126K [0x0000000080000000, 0x00000000cc600000, 0x00000000d5580000)
  object space 1251328K, 99% used [0x0000000080000000,0x00000000cc5cd870,0x00000000cc600000)
 Metaspace       used 109492K, committed 111424K, reserved 1179648K
  class space    used 10922K, committed 11840K, reserved 1048576K
GC Heap History (20 events):
Event: 7671.846 GC heap before
{Heap before GC invocations=12057 (full 12):
 PSYoungGen      total 2560K, used 2240K [0x00000000d5580000, 0x00000000d5a80000, 0x0000000100000000)
  eden space 2048K, 100% used [0x00000000d5580000,0x00000000d5780000,0x00000000d5780000)
  from space 512K, 37% used [0x00000000d5a00000,0x00000000d5a30000,0x00000000d5a80000)
  to   space 512K, 0% used [0x00000000d5880000,0x00000000d5880000,0x00000000d5900000)
 ParOldGen       total 1250816K, used 1250386K [0x0000000080000000, 0x00000000cc580000, 0x00000000d5580000)
  object space 1250816K, 99% used [0x0000000080000000,0x00000000cc514860,0x00000000cc580000)
 Metaspace       used 109446K, committed 111360K, reserved 1179648K
  class space    used 10922K, committed 11840K, reserved 1048576K
}
Event: 7671.851 GC heap after
{Heap after GC invocations=12057 (full 12):
 PSYoungGen      total 2560K, used 224K [0x00000000d5580000, 0x00000000d5a80000, 0x0000000100000000)
  eden space 2048K, 0% used [0x00000000d5580000,0x00000000d5580000,0x00000000d5780000)
  from space 512K, 43% used [0x00000000d5880000,0x00000000d58b8000,0x00000000d5900000)
  to   space 512K, 0% used [0x00000000d5a00000,0x00000000d5a00000,0x00000000d5a80000)
 ParOldGen       total 1250816K, used 1250442K [0x0000000080000000, 0x00000000cc580000, 0x00000000d5580000)
  object space 1250816K, 99% used [0x0000000080000000,0x00000000cc522860,0x00000000cc580000)
 Metaspace       used 109446K, committed 111360K, reserved 1179648K
  class space    used 10922K, committed 11840K, reserved 1048576K
}
Event: 7671.909 GC heap before
{Heap before GC invocations=12058 (full 12):
 PSYoungGen      total 2560K, used 2272K [0x00000000d5580000, 0x00000000d5a80000, 0x0000000100000000)
  eden space 2048K, 100% used [0x00000000d5580000,0x00000000d5780000,0x00000000d5780000)
  from space 512K, 43% used [0x00000000d5880000,0x00000000d58b8000,0x00000000d5900000)
  to   space 512K, 0% used [0x00000000d5a00000,0x00000000d5a00000,0x00000000d5a80000)
 ParOldGen       total 1250816K, used 1250442K [0x0000000080000000, 0x00000000cc580000, 0x00000000d5580000)
  object space 1250816K, 99% used [0x0000000080000000,0x00000000cc522860,0x00000000cc580000)
 Metaspace       used 109461K, committed 111360K, reserved 1179648K
  class space    used 10922K, committed 11840K, reserved 1048576K
}
Event: 7671.914 GC heap after
{Heap after GC invocations=12058 (full 12):
 PSYoungGen      total 2560K, used 288K [0x00000000d5580000, 0x00000000d5a80000, 0x0000000100000000)
  eden space 2048K, 0% used [0x00000000d5580000,0x00000000d5580000,0x00000000d5780000)
  from space 512K, 56% used [0x00000000d5a00000,0x00000000d5a48000,0x00000000d5a80000)
  to   space 512K, 0% used [0x00000000d5880000,0x00000000d5880000,0x00000000d5900000)
 ParOldGen       total 1250816K, used 1250538K [0x0000000080000000, 0x00000000cc580000, 0x00000000d5580000)
  object space 1250816K, 99% used [0x0000000080000000,0x00000000cc53a860,0x00000000cc580000)
 Metaspace       used 109461K, committed 111360K, reserved 1179648K
  class space    used 10922K, committed 11840K, reserved 1048576K
}
Event: 7672.009 GC heap before
{Heap before GC invocations=12059 (full 12):
 PSYoungGen      total 2560K, used 2336K [0x00000000d5580000, 0x00000000d5a80000, 0x0000000100000000)
  eden space 2048K, 100% used [0x00000000d5580000,0x00000000d5780000,0x00000000d5780000)
  from space 512K, 56% used [0x00000000d5a00000,0x00000000d5a48000,0x00000000d5a80000)
  to   space 512K, 0% used [0x00000000d5880000,0x00000000d5880000,0x00000000d5900000)
 ParOldGen       total 1250816K, used 1250538K [0x0000000080000000, 0x00000000cc580000, 0x00000000d5580000)
  object space 1250816K, 99% used [0x0000000080000000,0x00000000cc53a860,0x00000000cc580000)
 Metaspace       used 109461K, committed 111360K, reserved 1179648K
  class space    used 10922K, committed 11840K, reserved 1048576K
}
Event: 7672.014 GC heap after
{Heap after GC invocations=12059 (full 12):
 PSYoungGen      total 2560K, used 224K [0x00000000d5580000, 0x00000000d5a80000, 0x0000000100000000)
  eden space 2048K, 0% used [0x00000000d5580000,0x00000000d5580000,0x00000000d5780000)
  from space 512K, 43% used [0x00000000d5880000,0x00000000d58b8000,0x00000000d5900000)
  to   space 512K, 0% used [0x00000000d5a00000,0x00000000d5a00000,0x00000000d5a80000)
 ParOldGen       total 1250816K, used 1250626K [0x0000000080000000, 0x00000000cc580000, 0x00000000d5580000)
  object space 1250816K, 99% used [0x0000000080000000,0x00000000cc550860,0x00000000cc580000)
 Metaspace       used 109461K, committed 111360K, reserved 1179648K
  class space    used 10922K, committed 11840K, reserved 1048576K
}
Event: 7698.556 GC heap before
{Heap before GC invocations=12060 (full 12):
 PSYoungGen      total 2560K, used 2272K [0x00000000d5580000, 0x00000000d5a80000, 0x0000000100000000)
  eden space 2048K, 100% used [0x00000000d5580000,0x00000000d5780000,0x00000000d5780000)
  from space 512K, 43% used [0x00000000d5880000,0x00000000d58b8000,0x00000000d5900000)
  to   space 512K, 0% used [0x00000000d5a00000,0x00000000d5a00000,0x00000000d5a80000)
 ParOldGen       total 1250816K, used 1250626K [0x0000000080000000, 0x00000000cc580000, 0x00000000d5580000)
  object space 1250816K, 99% used [0x0000000080000000,0x00000000cc550860,0x00000000cc580000)
 Metaspace       used 109482K, committed 111424K, reserved 1179648K
  class space    used 10922K, committed 11840K, reserved 1048576K
}
Event: 7698.626 GC heap after
{Heap after GC invocations=12060 (full 12):
 PSYoungGen      total 2560K, used 256K [0x00000000d5580000, 0x00000000d5a80000, 0x0000000100000000)
  eden space 2048K, 0% used [0x00000000d5580000,0x00000000d5580000,0x00000000d5780000)
  from space 512K, 50% used [0x00000000d5a00000,0x00000000d5a40000,0x00000000d5a80000)
  to   space 512K, 0% used [0x00000000d5880000,0x00000000d5880000,0x00000000d5900000)
 ParOldGen       total 1250816K, used 1250682K [0x0000000080000000, 0x00000000cc580000, 0x00000000d5580000)
  object space 1250816K, 99% used [0x0000000080000000,0x00000000cc55e860,0x00000000cc580000)
 Metaspace       used 109482K, committed 111424K, reserved 1179648K
  class space    used 10922K, committed 11840K, reserved 1048576K
}
Event: 7698.681 GC heap before
{Heap before GC invocations=12061 (full 12):
 PSYoungGen      total 2560K, used 2304K [0x00000000d5580000, 0x00000000d5a80000, 0x0000000100000000)
  eden space 2048K, 100% used [0x00000000d5580000,0x00000000d5780000,0x00000000d5780000)
  from space 512K, 50% used [0x00000000d5a00000,0x00000000d5a40000,0x00000000d5a80000)
  to   space 512K, 0% used [0x00000000d5880000,0x00000000d5880000,0x00000000d5900000)
 ParOldGen       total 1250816K, used 1250682K [0x0000000080000000, 0x00000000cc580000, 0x00000000d5580000)
  object space 1250816K, 99% used [0x0000000080000000,0x00000000cc55e860,0x00000000cc580000)
 Metaspace       used 109487K, committed 111424K, reserved 1179648K
  class space    used 10922K, committed 11840K, reserved 1048576K
}
Event: 7698.684 GC heap after
{Heap after GC invocations=12061 (full 12):
 PSYoungGen      total 2560K, used 320K [0x00000000d5580000, 0x00000000d5a80000, 0x0000000100000000)
  eden space 2048K, 0% used [0x00000000d5580000,0x00000000d5580000,0x00000000d5780000)
  from space 512K, 62% used [0x00000000d5880000,0x00000000d58d0000,0x00000000d5900000)
  to   space 512K, 0% used [0x00000000d5a00000,0x00000000d5a00000,0x00000000d5a80000)
 ParOldGen       total 1250816K, used 1250730K [0x0000000080000000, 0x00000000cc580000, 0x00000000d5580000)
  object space 1250816K, 99% used [0x0000000080000000,0x00000000cc56a860,0x00000000cc580000)
 Metaspace       used 109487K, committed 111424K, reserved 1179648K
  class space    used 10922K, committed 11840K, reserved 1048576K
}
Event: 7698.707 GC heap before
{Heap before GC invocations=12062 (full 12):
 PSYoungGen      total 2560K, used 2368K [0x00000000d5580000, 0x00000000d5a80000, 0x0000000100000000)
  eden space 2048K, 100% used [0x00000000d5580000,0x00000000d5780000,0x00000000d5780000)
  from space 512K, 62% used [0x00000000d5880000,0x00000000d58d0000,0x00000000d5900000)
  to   space 512K, 0% used [0x00000000d5a00000,0x00000000d5a00000,0x00000000d5a80000)
 ParOldGen       total 1250816K, used 1250730K [0x0000000080000000, 0x00000000cc580000, 0x00000000d5580000)
  object space 1250816K, 99% used [0x0000000080000000,0x00000000cc56a860,0x00000000cc580000)
 Metaspace       used 109487K, committed 111424K, reserved 1179648K
  class space    used 10922K, committed 11840K, reserved 1048576K
}
Event: 7698.709 GC heap after
{Heap after GC invocations=12062 (full 12):
 PSYoungGen      total 2560K, used 160K [0x00000000d5580000, 0x00000000d5a80000, 0x0000000100000000)
  eden space 2048K, 0% used [0x00000000d5580000,0x00000000d5580000,0x00000000d5780000)
  from space 512K, 31% used [0x00000000d5a00000,0x00000000d5a28000,0x00000000d5a80000)
  to   space 512K, 0% used [0x00000000d5880000,0x00000000d5880000,0x00000000d5900000)
 ParOldGen       total 1251328K, used 1250850K [0x0000000080000000, 0x00000000cc600000, 0x00000000d5580000)
  object space 1251328K, 99% used [0x0000000080000000,0x00000000cc588860,0x00000000cc600000)
 Metaspace       used 109487K, committed 111424K, reserved 1179648K
  class space    used 10922K, committed 11840K, reserved 1048576K
}
Event: 7739.070 GC heap before
{Heap before GC invocations=12063 (full 12):
 PSYoungGen      total 2560K, used 2208K [0x00000000d5580000, 0x00000000d5a80000, 0x0000000100000000)
  eden space 2048K, 100% used [0x00000000d5580000,0x00000000d5780000,0x00000000d5780000)
  from space 512K, 31% used [0x00000000d5a00000,0x00000000d5a28000,0x00000000d5a80000)
  to   space 512K, 0% used [0x00000000d5880000,0x00000000d5880000,0x00000000d5900000)
 ParOldGen       total 1251328K, used 1250850K [0x0000000080000000, 0x00000000cc600000, 0x00000000d5580000)
  object space 1251328K, 99% used [0x0000000080000000,0x00000000cc588860,0x00000000cc600000)
 Metaspace       used 109487K, committed 111424K, reserved 1179648K
  class space    used 10922K, committed 11840K, reserved 1048576K
}
Event: 7739.073 GC heap after
{Heap after GC invocations=12063 (full 12):
 PSYoungGen      total 2560K, used 192K [0x00000000d5580000, 0x00000000d5a80000, 0x0000000100000000)
  eden space 2048K, 0% used [0x00000000d5580000,0x00000000d5580000,0x00000000d5780000)
  from space 512K, 37% used [0x00000000d5880000,0x00000000d58b0000,0x00000000d5900000)
  to   space 512K, 0% used [0x00000000d5a00000,0x00000000d5a00000,0x00000000d5a80000)
 ParOldGen       total 1251328K, used 1250906K [0x0000000080000000, 0x00000000cc600000, 0x00000000d5580000)
  object space 1251328K, 99% used [0x0000000080000000,0x00000000cc596860,0x00000000cc600000)
 Metaspace       used 109487K, committed 111424K, reserved 1179648K
  class space    used 10922K, committed 11840K, reserved 1048576K
}
Event: 7739.254 GC heap before
{Heap before GC invocations=12064 (full 12):
 PSYoungGen      total 2560K, used 2236K [0x00000000d5580000, 0x00000000d5a80000, 0x0000000100000000)
  eden space 2048K, 99% used [0x00000000d5580000,0x00000000d577f390,0x00000000d5780000)
  from space 512K, 37% used [0x00000000d5880000,0x00000000d58b0000,0x00000000d5900000)
  to   space 512K, 0% used [0x00000000d5a00000,0x00000000d5a00000,0x00000000d5a80000)
 ParOldGen       total 1251328K, used 1250906K [0x0000000080000000, 0x00000000cc600000, 0x00000000d5580000)
  object space 1251328K, 99% used [0x0000000080000000,0x00000000cc596860,0x00000000cc600000)
 Metaspace       used 109487K, committed 111424K, reserved 1179648K
  class space    used 10922K, committed 11840K, reserved 1048576K
}
Event: 7739.257 GC heap after
{Heap after GC invocations=12064 (full 12):
 PSYoungGen      total 2560K, used 208K [0x00000000d5580000, 0x00000000d5a80000, 0x0000000100000000)
  eden space 2048K, 0% used [0x00000000d5580000,0x00000000d5580000,0x00000000d5780000)
  from space 512K, 40% used [0x00000000d5a00000,0x00000000d5a34010,0x00000000d5a80000)
  to   space 512K, 0% used [0x00000000d5880000,0x00000000d5880000,0x00000000d5900000)
 ParOldGen       total 1251328K, used 1250954K [0x0000000080000000, 0x00000000cc600000, 0x00000000d5580000)
  object space 1251328K, 99% used [0x0000000080000000,0x00000000cc5a2860,0x00000000cc600000)
 Metaspace       used 109487K, committed 111424K, reserved 1179648K
  class space    used 10922K, committed 11840K, reserved 1048576K
}
Event: 7739.275 GC heap before
{Heap before GC invocations=12065 (full 12):
 PSYoungGen      total 2560K, used 2256K [0x00000000d5580000, 0x00000000d5a80000, 0x0000000100000000)
  eden space 2048K, 100% used [0x00000000d5580000,0x00000000d5780000,0x00000000d5780000)
  from space 512K, 40% used [0x00000000d5a00000,0x00000000d5a34010,0x00000000d5a80000)
  to   space 512K, 0% used [0x00000000d5880000,0x00000000d5880000,0x00000000d5900000)
 ParOldGen       total 1251328K, used 1250954K [0x0000000080000000, 0x00000000cc600000, 0x00000000d5580000)
  object space 1251328K, 99% used [0x0000000080000000,0x00000000cc5a2860,0x00000000cc600000)
 Metaspace       used 109491K, committed 111424K, reserved 1179648K
  class space    used 10922K, committed 11840K, reserved 1048576K
}
Event: 7739.277 GC heap after
{Heap after GC invocations=12065 (full 12):
 PSYoungGen      total 2560K, used 224K [0x00000000d5580000, 0x00000000d5a80000, 0x0000000100000000)
  eden space 2048K, 0% used [0x00000000d5580000,0x00000000d5580000,0x00000000d5780000)
  from space 512K, 43% used [0x00000000d5880000,0x00000000d58b8000,0x00000000d5900000)
  to   space 512K, 0% used [0x00000000d5a00000,0x00000000d5a00000,0x00000000d5a80000)
 ParOldGen       total 1251328K, used 1251034K [0x0000000080000000, 0x00000000cc600000, 0x00000000d5580000)
  object space 1251328K, 99% used [0x0000000080000000,0x00000000cc5b6860,0x00000000cc600000)
 Metaspace       used 109491K, committed 111424K, reserved 1179648K
  class space    used 10922K, committed 11840K, reserved 1048576K
}
Event: 7739.344 GC heap before
{Heap before GC invocations=12066 (full 12):
 PSYoungGen      total 2560K, used 2272K [0x00000000d5580000, 0x00000000d5a80000, 0x0000000100000000)
  eden space 2048K, 100% used [0x00000000d5580000,0x00000000d5780000,0x00000000d5780000)
  from space 512K, 43% used [0x00000000d5880000,0x00000000d58b8000,0x00000000d5900000)
  to   space 512K, 0% used [0x00000000d5a00000,0x00000000d5a00000,0x00000000d5a80000)
 ParOldGen       total 1251328K, used 1251034K [0x0000000080000000, 0x00000000cc600000, 0x00000000d5580000)
  object space 1251328K, 99% used [0x0000000080000000,0x00000000cc5b6860,0x00000000cc600000)
 Metaspace       used 109491K, committed 111424K, reserved 1179648K
  class space    used 10922K, committed 11840K, reserved 1048576K
}
Event: 7739.346 GC heap after
{Heap after GC invocations=12066 (full 12):
 PSYoungGen      total 2560K, used 192K [0x00000000d5580000, 0x00000000d5a80000, 0x0000000100000000)
  eden space 2048K, 0% used [0x00000000d5580000,0x00000000d5580000,0x00000000d5780000)
  from space 512K, 37% used [0x00000000d5a00000,0x00000000d5a30000,0x00000000d5a80000)
  to   space 512K, 0% used [0x00000000d5880000,0x00000000d5880000,0x00000000d5900000)
 ParOldGen       total 1251328K, used 1251126K [0x0000000080000000, 0x00000000cc600000, 0x00000000d5580000)
  object space 1251328K, 99% used [0x0000000080000000,0x00000000cc5cd870,0x00000000cc600000)
 Metaspace       used 109491K, committed 111424K, reserved 1179648K
  class space    used 10922K, committed 11840K, reserved 1048576K
}

